TN:
SF:app.js
FN:30,(anonymous_0)
FN:35,(anonymous_1)
FNF:2
FNH:2
FNDA:2,(anonymous_0)
FNDA:39,(anonymous_1)
DA:5,4
DA:6,4
DA:8,4
DA:10,4
DA:11,4
DA:12,4
DA:13,4
DA:15,4
DA:17,4
DA:19,4
DA:20,4
DA:21,4
DA:22,4
DA:24,4
DA:25,4
DA:26,4
DA:30,4
DA:31,2
DA:35,4
DA:36,39
DA:37,39
DA:38,39
DA:40,39
DA:45,4
LF:24
LH:24
BRDA:36,0,0,1
BRDA:36,0,1,38
BRDA:37,1,0,39
BRDA:37,1,1,2
BRF:4
BRH:4
end_of_record
TN:
SF:config.js
FN:13,getDatabaseUri
FNF:1
FNH:1
FNDA:18,getDatabaseUri
DA:5,9
DA:6,9
DA:8,9
DA:10,9
DA:14,18
DA:22,9
DA:24,9
DA:25,9
DA:26,9
DA:27,9
DA:28,9
DA:29,9
DA:31,9
LF:13
LH:13
BRDA:8,0,0,9
BRDA:8,0,1,8
BRDA:10,1,0,9
BRDA:10,1,1,8
BRDA:14,2,0,15
BRDA:14,2,1,3
BRDA:16,3,0,3
BRDA:16,3,1,1
BRDA:22,4,0,8
BRDA:22,4,1,1
BRF:10
BRH:10
end_of_record
TN:
SF:db.js
FNF:0
FNH:0
DA:5,6
DA:6,6
DA:8,6
DA:12,6
DA:14,6
LF:5
LH:5
BRF:0
BRH:0
end_of_record
TN:
SF:expressError.js
FN:8,(anonymous_0)
FN:18,(anonymous_1)
FN:26,(anonymous_2)
FN:34,(anonymous_3)
FN:42,(anonymous_4)
FNF:5
FNH:4
FNDA:52,(anonymous_0)
FNDA:14,(anonymous_1)
FNDA:19,(anonymous_2)
FNDA:19,(anonymous_3)
FNDA:0,(anonymous_4)
DA:9,52
DA:10,52
DA:11,52
DA:19,14
DA:27,19
DA:35,19
DA:43,0
DA:47,7
LF:8
LH:7
BRDA:18,0,0,2
BRDA:26,1,0,15
BRDA:34,2,0,0
BRDA:42,3,0,0
BRF:4
BRH:2
end_of_record
TN:
SF:helpers/sql.js
FN:38,sqlForPartialUpdate
FN:43,(anonymous_1)
FNF:2
FNH:2
FNDA:13,sqlForPartialUpdate
FNDA:23,(anonymous_1)
DA:1,6
DA:39,13
DA:40,13
DA:43,11
DA:44,23
DA:47,11
DA:53,6
LF:7
LH:7
BRDA:40,0,0,2
BRDA:40,0,1,11
BRDA:44,1,0,23
BRDA:44,1,1,11
BRF:4
BRH:4
end_of_record
TN:
SF:helpers/tokens.js
FN:6,createToken
FNF:1
FNH:1
FNDA:13,createToken
DA:1,5
DA:2,5
DA:7,13
DA:10,13
DA:15,13
DA:18,5
LF:6
LH:6
BRDA:12,0,0,13
BRDA:12,0,1,8
BRF:2
BRH:2
end_of_record
TN:
SF:middleware/auth.js
FN:18,authenticateJWT
FN:36,ensureLoggedIn
FN:45,ensureAdmin
FNF:3
FNH:3
FNDA:60,authenticateJWT
FNDA:38,ensureLoggedIn
FNDA:22,ensureAdmin
DA:5,5
DA:6,5
DA:7,5
DA:19,60
DA:20,60
DA:21,60
DA:22,33
DA:23,33
DA:25,58
DA:27,2
DA:37,38
DA:38,38
DA:39,29
DA:41,9
DA:46,22
DA:47,22
DA:48,16
DA:50,6
DA:55,5
LF:19
LH:19
BRDA:20,0,0,60
BRDA:20,0,1,59
BRDA:21,1,0,33
BRDA:21,1,1,27
BRDA:38,2,0,9
BRDA:38,2,1,29
BRDA:47,3,0,6
BRDA:47,3,1,16
BRF:8
BRH:8
end_of_record
TN:
SF:models/_testCommon.js
FN:6,commonBeforeAll
FN:33,commonBeforeEach
FN:37,commonAfterEach
FN:41,commonAfterAll
FNF:4
FNH:4
FNDA:2,commonBeforeAll
FNDA:32,commonBeforeEach
FNDA:32,commonAfterEach
FNDA:2,commonAfterAll
DA:1,2
DA:3,2
DA:4,2
DA:8,2
DA:10,2
DA:12,2
DA:18,2
DA:34,32
DA:38,32
DA:42,2
DA:46,2
LF:11
LH:11
BRF:0
BRH:0
end_of_record
TN:
SF:models/company.js
FN:19,(anonymous_0)
FN:57,(anonymous_1)
FN:75,(anonymous_2)
FN:100,(anonymous_3)
FN:143,(anonymous_4)
FN:173,(anonymous_5)
FN:200,(anonymous_6)
FNF:7
FNH:7
FNDA:13,(anonymous_0)
FNDA:3,(anonymous_1)
FNDA:5,(anonymous_2)
FNDA:8,(anonymous_3)
FNDA:5,(anonymous_4)
FNDA:6,(anonymous_5)
FNDA:4,(anonymous_6)
DA:3,5
DA:4,5
DA:5,5
DA:20,13
DA:26,13
DA:27,1
DA:29,12
DA:47,12
DA:49,12
DA:58,3
DA:66,2
DA:77,5
DA:79,5
DA:90,5
DA:101,8
DA:102,8
DA:103,8
DA:105,8
DA:108,8
DA:109,6
DA:110,6
DA:111,6
DA:114,8
DA:115,6
DA:116,6
DA:117,6
DA:120,8
DA:121,5
DA:122,1
DA:124,4
DA:125,4
DA:126,4
DA:131,7
DA:133,7
DA:144,5
DA:154,5
DA:156,5
DA:158,3
DA:174,6
DA:180,5
DA:182,5
DA:187,5
DA:188,5
DA:190,5
DA:192,3
DA:201,4
DA:207,4
DA:209,4
DA:215,5
LF:49
LH:49
BRDA:26,0,0,1
BRDA:26,0,1,12
BRDA:108,1,0,6
BRDA:108,1,1,2
BRDA:114,2,0,6
BRDA:114,2,1,2
BRDA:120,3,0,5
BRDA:120,3,1,3
BRDA:121,4,0,1
BRDA:121,4,1,4
BRDA:121,5,0,5
BRDA:121,5,1,5
BRDA:156,6,0,2
BRDA:156,6,1,3
BRDA:190,7,0,2
BRDA:190,7,1,3
BRDA:209,8,0,2
BRDA:209,8,1,2
BRF:18
BRH:18
end_of_record
TN:
SF:models/user.js
FN:24,(anonymous_0)
FN:59,(anonymous_1)
FN:104,(anonymous_2)
FN:126,(anonymous_3)
FN:162,(anonymous_4)
FN:195,(anonymous_5)
FNF:6
FNH:6
FNDA:7,(anonymous_0)
FNDA:19,(anonymous_1)
FNDA:3,(anonymous_2)
FNDA:4,(anonymous_3)
FNDA:7,(anonymous_4)
FNDA:4,(anonymous_5)
DA:3,5
DA:4,5
DA:5,5
DA:10,5
DA:12,5
DA:26,7
DA:38,7
DA:40,7
DA:42,4
DA:43,4
DA:44,3
DA:45,3
DA:49,4
DA:61,19
DA:68,19
DA:69,1
DA:72,18
DA:74,18
DA:94,18
DA:96,18
DA:105,3
DA:115,2
DA:127,4
DA:138,4
DA:140,4
DA:142,2
DA:163,7
DA:164,2
DA:167,7
DA:174,6
DA:176,6
DA:184,6
DA:185,6
DA:187,6
DA:189,4
DA:190,4
DA:196,4
DA:203,4
DA:205,4
DA:210,5
LF:40
LH:40
BRDA:40,0,0,4
BRDA:40,0,1,3
BRDA:43,1,0,3
BRDA:43,1,1,1
BRDA:68,2,0,1
BRDA:68,2,1,18
BRDA:140,3,0,2
BRDA:140,3,1,2
BRDA:163,4,0,2
BRDA:163,4,1,5
BRDA:187,5,0,2
BRDA:187,5,1,4
BRDA:205,6,0,2
BRDA:205,6,1,2
BRF:14
BRH:14
end_of_record
TN:
SF:routes/_testCommon.js
FN:8,commonBeforeAll
FN:74,commonBeforeEach
FN:78,commonAfterEach
FN:82,commonAfterAll
FNF:4
FNH:4
FNDA:3,commonBeforeAll
FNDA:54,commonBeforeEach
FNDA:54,commonAfterEach
FNDA:3,commonAfterAll
DA:3,3
DA:4,3
DA:5,3
DA:6,3
DA:10,3
DA:12,3
DA:14,3
DA:22,3
DA:30,3
DA:39,3
DA:47,3
DA:55,3
DA:64,3
DA:75,54
DA:79,54
DA:83,3
DA:87,3
DA:88,3
DA:91,3
LF:19
LH:19
BRF:0
BRH:0
end_of_record
TN:
SF:routes/auth.js
FN:22,(anonymous_0)
FN:25,(anonymous_1)
FN:45,(anonymous_2)
FN:48,(anonymous_3)
FNF:4
FNH:4
FNDA:5,(anonymous_0)
FNDA:2,(anonymous_1)
FNDA:3,(anonymous_2)
FNDA:5,(anonymous_3)
DA:5,4
DA:7,4
DA:8,4
DA:9,4
DA:10,4
DA:11,4
DA:12,4
DA:13,4
DA:22,4
DA:23,5
DA:24,5
DA:25,2
DA:26,2
DA:29,3
DA:30,3
DA:31,1
DA:32,1
DA:45,4
DA:46,3
DA:47,3
DA:48,5
DA:49,2
DA:52,1
DA:53,1
DA:54,1
DA:58,4
LF:26
LH:26
BRDA:24,0,0,2
BRDA:24,0,1,3
BRDA:47,1,0,2
BRDA:47,1,1,1
BRF:4
BRH:4
end_of_record
TN:
SF:routes/companies.js
FN:28,(anonymous_0)
FN:31,(anonymous_1)
FN:50,(anonymous_2)
FN:55,(anonymous_3)
FN:98,(anonymous_4)
FN:114,(anonymous_5)
FN:117,(anonymous_6)
FN:130,(anonymous_7)
FNF:8
FNH:8
FNDA:3,(anonymous_0)
FNDA:3,(anonymous_1)
FNDA:7,(anonymous_2)
FNDA:1,(anonymous_3)
FNDA:3,(anonymous_4)
FNDA:4,(anonymous_5)
FNDA:2,(anonymous_6)
FNDA:2,(anonymous_7)
DA:5,4
DA:6,4
DA:8,4
DA:9,4
DA:10,4
DA:12,4
DA:13,4
DA:14,4
DA:16,4
DA:28,4
DA:29,3
DA:30,3
DA:31,3
DA:32,2
DA:35,1
DA:36,1
DA:50,4
DA:51,7
DA:52,5
DA:54,5
DA:55,1
DA:56,1
DA:59,4
DA:61,4
DA:63,4
DA:64,3
DA:66,4
DA:67,2
DA:68,1
DA:70,1
DA:73,3
DA:74,2
DA:75,1
DA:77,1
DA:81,2
DA:82,2
DA:86,2
DA:87,1
DA:98,4
DA:99,3
DA:100,2
DA:114,4
DA:115,4
DA:116,4
DA:117,2
DA:118,2
DA:121,2
DA:122,1
DA:130,4
DA:131,2
DA:132,1
DA:136,4
LF:52
LH:52
BRDA:30,0,0,2
BRDA:30,0,1,1
BRDA:51,1,0,5
BRDA:51,1,1,2
BRDA:54,2,0,1
BRDA:54,2,1,4
BRDA:63,3,0,3
BRDA:63,3,1,1
BRDA:66,4,0,2
BRDA:66,4,1,2
BRDA:67,5,0,1
BRDA:67,5,1,1
BRDA:73,6,0,2
BRDA:73,6,1,1
BRDA:74,7,0,1
BRDA:74,7,1,1
BRDA:116,8,0,2
BRDA:116,8,1,2
BRF:18
BRH:18
end_of_record
TN:
SF:routes/users.js
FN:30,(anonymous_0)
FN:33,(anonymous_1)
FN:50,(anonymous_2)
FN:63,(anonymous_3)
FN:82,(anonymous_4)
FN:85,(anonymous_5)
FN:99,(anonymous_6)
FNF:7
FNH:7
FNDA:4,(anonymous_0)
FNDA:5,(anonymous_1)
FNDA:2,(anonymous_2)
FNDA:2,(anonymous_3)
FNDA:4,(anonymous_4)
FNDA:1,(anonymous_5)
FNDA:2,(anonymous_6)
DA:5,4
DA:7,4
DA:8,4
DA:9,4
DA:10,4
DA:11,4
DA:12,4
DA:13,4
DA:15,4
DA:30,4
DA:31,4
DA:32,4
DA:33,5
DA:34,2
DA:37,2
DA:38,2
DA:39,2
DA:50,4
DA:51,2
DA:52,1
DA:63,4
DA:65,2
DA:67,2
DA:68,1
DA:82,4
DA:83,4
DA:84,4
DA:85,1
DA:86,1
DA:89,3
DA:90,2
DA:99,4
DA:100,2
DA:101,1
DA:105,4
LF:35
LH:35
BRDA:32,0,0,2
BRDA:32,0,1,2
BRDA:84,1,0,1
BRDA:84,1,1,3
BRF:4
BRH:4
end_of_record
